<?xml version="1.0" encoding="UTF-8"?>
<testsuite name="com.igorwojda.integer.printnumber.basic.Test" tests="4" skipped="0" failures="0" errors="0" timestamp="2025-04-16T20:32:40.805Z" hostname="Miross-Mac-mini.local" time="0.021">
  <properties/>
  <testcase name="printNumber 5 return listOf(5, 4, 3, 2, 1)()" classname="com.igorwojda.integer.printnumber.basic.Test" time="0.016"/>
  <testcase name="printNumber 1 return listOf(1)()" classname="com.igorwojda.integer.printnumber.basic.Test" time="0.001"/>
  <testcase name="printNumber 0 return listOf()()" classname="com.igorwojda.integer.printnumber.basic.Test" time="0.001"/>
  <testcase name="printNumber 3 return listOf(3, 2, 1)()" classname="com.igorwojda.integer.printnumber.basic.Test" time="0.001"/>
  <system-out><![CDATA[[5]
[5, 4]
[5, 4, 3]
[5, 4, 3, 2]
[5, 4, 3, 2, 1]
[1]
[3]
[3, 2]
[3, 2, 1]
]]></system-out>
  <system-err><![CDATA[]]></system-err>
</testsuite>
