<?xml version="1.0" encoding="UTF-8"?>
<testsuite name="com.igorwojda.string.ispalindrome.tolerant.Test" tests="14" skipped="0" failures="8" errors="0" timestamp="2025-04-21T20:01:21.154Z" hostname="Miross-Mac-mini.local" time="0.034">
  <properties/>
  <testcase name="' aba' is a palindrome()" classname="com.igorwojda.string.ispalindrome.tolerant.Test" time="0.022">
    <failure message="org.amshove.kluent.internal.ComparisonFailedException: Expected: &lt;true&gt; but was: &lt;false&gt;" type="org.amshove.kluent.internal.ComparisonFailedException">org.amshove.kluent.internal.ComparisonFailedException: Expected: &lt;true&gt; but was: &lt;false&gt;
	at app//org.amshove.kluent.internal.AssertionsKt.assertEquals(Assertions.kt:133)
	at app//org.amshove.kluent.internal.AssertionsKt.assertEquals(Assertions.kt:123)
	at app//org.amshove.kluent.internal.AssertionsKt.assertEquals$default(Assertions.kt:122)
	at app//org.amshove.kluent.NumericalKt.shouldBeEqualTo(Numerical.kt:10)
	at app//com.igorwojda.string.ispalindrome.tolerant.Test.' aba' is a palindrome(Challenge.kt:52)
	at java.base@21.0.5/java.lang.reflect.Method.invoke(Method.java:580)
	at java.base@21.0.5/java.util.ArrayList.forEach(ArrayList.java:1596)
	at java.base@21.0.5/java.util.ArrayList.forEach(ArrayList.java:1596)
</failure>
  </testcase>
  <testcase name="'greetings' is not a palindrome()" classname="com.igorwojda.string.ispalindrome.tolerant.Test" time="0.001"/>
  <testcase name="'!a' is a palindrome()" classname="com.igorwojda.string.ispalindrome.tolerant.Test" time="0.001">
    <failure message="org.amshove.kluent.internal.ComparisonFailedException: Expected: &lt;true&gt; but was: &lt;false&gt;" type="org.amshove.kluent.internal.ComparisonFailedException">org.amshove.kluent.internal.ComparisonFailedException: Expected: &lt;true&gt; but was: &lt;false&gt;
	at app//org.amshove.kluent.internal.AssertionsKt.assertEquals(Assertions.kt:133)
	at app//org.amshove.kluent.internal.AssertionsKt.assertEquals(Assertions.kt:123)
	at app//org.amshove.kluent.internal.AssertionsKt.assertEquals$default(Assertions.kt:122)
	at app//org.amshove.kluent.NumericalKt.shouldBeEqualTo(Numerical.kt:10)
	at app//com.igorwojda.string.ispalindrome.tolerant.Test.'!a' is a palindrome(Challenge.kt:42)
	at java.base@21.0.5/java.lang.reflect.Method.invoke(Method.java:580)
	at java.base@21.0.5/java.util.ArrayList.forEach(ArrayList.java:1596)
	at java.base@21.0.5/java.util.ArrayList.forEach(ArrayList.java:1596)
</failure>
  </testcase>
  <testcase name="'a!ba' is a palindrome()" classname="com.igorwojda.string.ispalindrome.tolerant.Test" time="0.001">
    <failure message="org.amshove.kluent.internal.ComparisonFailedException: Expected: &lt;true&gt; but was: &lt;false&gt;" type="org.amshove.kluent.internal.ComparisonFailedException">org.amshove.kluent.internal.ComparisonFailedException: Expected: &lt;true&gt; but was: &lt;false&gt;
	at app//org.amshove.kluent.internal.AssertionsKt.assertEquals(Assertions.kt:133)
	at app//org.amshove.kluent.internal.AssertionsKt.assertEquals(Assertions.kt:123)
	at app//org.amshove.kluent.internal.AssertionsKt.assertEquals$default(Assertions.kt:122)
	at app//org.amshove.kluent.NumericalKt.shouldBeEqualTo(Numerical.kt:10)
	at app//com.igorwojda.string.ispalindrome.tolerant.Test.'a!ba' is a palindrome(Challenge.kt:27)
	at java.base@21.0.5/java.lang.reflect.Method.invoke(Method.java:580)
	at java.base@21.0.5/java.util.ArrayList.forEach(ArrayList.java:1596)
	at java.base@21.0.5/java.util.ArrayList.forEach(ArrayList.java:1596)
</failure>
  </testcase>
  <testcase name="'pennep' a palindrome()" classname="com.igorwojda.string.ispalindrome.tolerant.Test" time="0.0"/>
  <testcase name="'a!' is a palindrome()" classname="com.igorwojda.string.ispalindrome.tolerant.Test" time="0.001">
    <failure message="org.amshove.kluent.internal.ComparisonFailedException: Expected: &lt;true&gt; but was: &lt;false&gt;" type="org.amshove.kluent.internal.ComparisonFailedException">org.amshove.kluent.internal.ComparisonFailedException: Expected: &lt;true&gt; but was: &lt;false&gt;
	at app//org.amshove.kluent.internal.AssertionsKt.assertEquals(Assertions.kt:133)
	at app//org.amshove.kluent.internal.AssertionsKt.assertEquals(Assertions.kt:123)
	at app//org.amshove.kluent.internal.AssertionsKt.assertEquals$default(Assertions.kt:122)
	at app//org.amshove.kluent.NumericalKt.shouldBeEqualTo(Numerical.kt:10)
	at app//com.igorwojda.string.ispalindrome.tolerant.Test.'a!' is a palindrome(Challenge.kt:47)
	at java.base@21.0.5/java.lang.reflect.Method.invoke(Method.java:580)
	at java.base@21.0.5/java.util.ArrayList.forEach(ArrayList.java:1596)
	at java.base@21.0.5/java.util.ArrayList.forEach(ArrayList.java:1596)
</failure>
  </testcase>
  <testcase name="'abcddcb!a' is a palindrome()" classname="com.igorwojda.string.ispalindrome.tolerant.Test" time="0.0">
    <failure message="org.amshove.kluent.internal.ComparisonFailedException: Expected: &lt;true&gt; but was: &lt;false&gt;" type="org.amshove.kluent.internal.ComparisonFailedException">org.amshove.kluent.internal.ComparisonFailedException: Expected: &lt;true&gt; but was: &lt;false&gt;
	at app//org.amshove.kluent.internal.AssertionsKt.assertEquals(Assertions.kt:133)
	at app//org.amshove.kluent.internal.AssertionsKt.assertEquals(Assertions.kt:123)
	at app//org.amshove.kluent.internal.AssertionsKt.assertEquals$default(Assertions.kt:122)
	at app//org.amshove.kluent.NumericalKt.shouldBeEqualTo(Numerical.kt:10)
	at app//com.igorwojda.string.ispalindrome.tolerant.Test.'abcddcb!a' is a palindrome(Challenge.kt:37)
	at java.base@21.0.5/java.lang.reflect.Method.invoke(Method.java:580)
	at java.base@21.0.5/java.util.ArrayList.forEach(ArrayList.java:1596)
	at java.base@21.0.5/java.util.ArrayList.forEach(ArrayList.java:1596)
</failure>
  </testcase>
  <testcase name="'10A00000001' is a palindrome()" classname="com.igorwojda.string.ispalindrome.tolerant.Test" time="0.0">
    <failure message="org.amshove.kluent.internal.ComparisonFailedException: Expected: &lt;true&gt; but was: &lt;false&gt;" type="org.amshove.kluent.internal.ComparisonFailedException">org.amshove.kluent.internal.ComparisonFailedException: Expected: &lt;true&gt; but was: &lt;false&gt;
	at app//org.amshove.kluent.internal.AssertionsKt.assertEquals(Assertions.kt:133)
	at app//org.amshove.kluent.internal.AssertionsKt.assertEquals(Assertions.kt:123)
	at app//org.amshove.kluent.internal.AssertionsKt.assertEquals$default(Assertions.kt:122)
	at app//org.amshove.kluent.NumericalKt.shouldBeEqualTo(Numerical.kt:10)
	at app//com.igorwojda.string.ispalindrome.tolerant.Test.'10A00000001' is a palindrome(Challenge.kt:72)
	at java.base@21.0.5/java.lang.reflect.Method.invoke(Method.java:580)
	at java.base@21.0.5/java.util.ArrayList.forEach(ArrayList.java:1596)
	at java.base@21.0.5/java.util.ArrayList.forEach(ArrayList.java:1596)
</failure>
  </testcase>
  <testcase name="'a!bcddcba' is a palindrome()" classname="com.igorwojda.string.ispalindrome.tolerant.Test" time="0.001">
    <failure message="org.amshove.kluent.internal.ComparisonFailedException: Expected: &lt;true&gt; but was: &lt;false&gt;" type="org.amshove.kluent.internal.ComparisonFailedException">org.amshove.kluent.internal.ComparisonFailedException: Expected: &lt;true&gt; but was: &lt;false&gt;
	at app//org.amshove.kluent.internal.AssertionsKt.assertEquals(Assertions.kt:133)
	at app//org.amshove.kluent.internal.AssertionsKt.assertEquals(Assertions.kt:123)
	at app//org.amshove.kluent.internal.AssertionsKt.assertEquals$default(Assertions.kt:122)
	at app//org.amshove.kluent.NumericalKt.shouldBeEqualTo(Numerical.kt:10)
	at app//com.igorwojda.string.ispalindrome.tolerant.Test.'a!bcddcba' is a palindrome(Challenge.kt:32)
	at java.base@21.0.5/java.lang.reflect.Method.invoke(Method.java:580)
	at java.base@21.0.5/java.util.ArrayList.forEach(ArrayList.java:1596)
	at java.base@21.0.5/java.util.ArrayList.forEach(ArrayList.java:1596)
</failure>
  </testcase>
  <testcase name="'aba' is a palindrome()" classname="com.igorwojda.string.ispalindrome.tolerant.Test" time="0.001"/>
  <testcase name="'ab!a' is a palindrome()" classname="com.igorwojda.string.ispalindrome.tolerant.Test" time="0.001">
    <failure message="org.amshove.kluent.internal.ComparisonFailedException: Expected: &lt;true&gt; but was: &lt;false&gt;" type="org.amshove.kluent.internal.ComparisonFailedException">org.amshove.kluent.internal.ComparisonFailedException: Expected: &lt;true&gt; but was: &lt;false&gt;
	at app//org.amshove.kluent.internal.AssertionsKt.assertEquals(Assertions.kt:133)
	at app//org.amshove.kluent.internal.AssertionsKt.assertEquals(Assertions.kt:123)
	at app//org.amshove.kluent.internal.AssertionsKt.assertEquals$default(Assertions.kt:122)
	at app//org.amshove.kluent.NumericalKt.shouldBeEqualTo(Numerical.kt:10)
	at app//com.igorwojda.string.ispalindrome.tolerant.Test.'ab!a' is a palindrome(Challenge.kt:22)
	at java.base@21.0.5/java.lang.reflect.Method.invoke(Method.java:580)
	at java.base@21.0.5/java.util.ArrayList.forEach(ArrayList.java:1596)
	at java.base@21.0.5/java.util.ArrayList.forEach(ArrayList.java:1596)
</failure>
  </testcase>
  <testcase name="'1000000001' a palindrome()" classname="com.igorwojda.string.ispalindrome.tolerant.Test" time="0.0"/>
  <testcase name="'Fish hsif' is not a palindrome()" classname="com.igorwojda.string.ispalindrome.tolerant.Test" time="0.0"/>
  <testcase name="'aa#!aa ' is not a palindrome()" classname="com.igorwojda.string.ispalindrome.tolerant.Test" time="0.0"/>
  <system-out><![CDATA[false
false
false
false
true
false
false
false
false
true
false
true
false
false
]]></system-out>
  <system-err><![CDATA[]]></system-err>
</testsuite>
