<?xml version="1.0" encoding="UTF-8"?>
<testsuite name="com.igorwojda.string.maxoccurringchar.Test" tests="4" skipped="0" failures="0" errors="0" timestamp="2025-04-22T20:41:18.306Z" hostname="Miross-Mac-mini.local" time="0.016">
  <properties/>
  <testcase name="Finds char 'a' in string 'abcdefghijklmnaaaaa'()" classname="com.igorwojda.string.maxoccurringchar.Test" time="0.012"/>
  <testcase name="Finds char '1' in string 'ab1c1d1e1f1g1'()" classname="com.igorwojda.string.maxoccurringchar.Test" time="0.001"/>
  <testcase name="Finds char 'a' in string 'a'()" classname="com.igorwojda.string.maxoccurringchar.Test" time="0.001"/>
  <testcase name="Don't find a char in empty string()" classname="com.igorwojda.string.maxoccurringchar.Test" time="0.0"/>
  <system-out><![CDATA[]]></system-out>
  <system-err><![CDATA[]]></system-err>
</testsuite>
