<?xml version="1.0" encoding="UTF-8"?>
<testsuite name="com.igorwojda.integer.pyramidgenerator.Test" tests="3" skipped="0" failures="3" errors="0" timestamp="2025-04-17T00:56:48.683Z" hostname="mirus" time="0.036">
  <properties/>
  <testcase name="pyramid n = 2()" classname="com.igorwojda.integer.pyramidgenerator.Test" time="0.032">
    <failure message="org.amshove.kluent.internal.ComparisonFailedException: Expected: &lt; # &gt; but was: &lt;#&gt;" type="org.amshove.kluent.internal.ComparisonFailedException">org.amshove.kluent.internal.ComparisonFailedException: Expected: &lt; # &gt; but was: &lt;#&gt;
	at app//org.amshove.kluent.internal.AssertionsKt.assertEquals(Assertions.kt:133)
	at app//org.amshove.kluent.internal.AssertionsKt.assertEquals(Assertions.kt:123)
	at app//org.amshove.kluent.internal.AssertionsKt.assertEquals$default(Assertions.kt:122)
	at app//org.amshove.kluent.CharSequenceKt.shouldBeEqualTo(CharSequence.kt:99)
	at app//com.igorwojda.integer.pyramidgenerator.Test.pyramid n = 2(Challenge.kt:36)
	at java.base@21.0.6/java.lang.reflect.Method.invoke(Method.java:580)
	at java.base@21.0.6/java.util.ArrayList.forEach(ArrayList.java:1596)
	at java.base@21.0.6/java.util.ArrayList.forEach(ArrayList.java:1596)
</failure>
  </testcase>
  <testcase name="pyramid n = 3()" classname="com.igorwojda.integer.pyramidgenerator.Test" time="0.002">
    <failure message="org.amshove.kluent.internal.ComparisonFailedException: Expected: &lt;  #  &gt; but was: &lt;#&gt;" type="org.amshove.kluent.internal.ComparisonFailedException">org.amshove.kluent.internal.ComparisonFailedException: Expected: &lt;  #  &gt; but was: &lt;#&gt;
	at app//org.amshove.kluent.internal.AssertionsKt.assertEquals(Assertions.kt:133)
	at app//org.amshove.kluent.internal.AssertionsKt.assertEquals(Assertions.kt:123)
	at app//org.amshove.kluent.internal.AssertionsKt.assertEquals$default(Assertions.kt:122)
	at app//org.amshove.kluent.CharSequenceKt.shouldBeEqualTo(CharSequence.kt:99)
	at app//com.igorwojda.integer.pyramidgenerator.Test.pyramid n = 3(Challenge.kt:45)
	at java.base@21.0.6/java.lang.reflect.Method.invoke(Method.java:580)
	at java.base@21.0.6/java.util.ArrayList.forEach(ArrayList.java:1596)
	at java.base@21.0.6/java.util.ArrayList.forEach(ArrayList.java:1596)
</failure>
  </testcase>
  <testcase name="pyramid n = 4()" classname="com.igorwojda.integer.pyramidgenerator.Test" time="0.002">
    <failure message="org.amshove.kluent.internal.ComparisonFailedException: Expected: &lt;   #   &gt; but was: &lt;#&gt;" type="org.amshove.kluent.internal.ComparisonFailedException">org.amshove.kluent.internal.ComparisonFailedException: Expected: &lt;   #   &gt; but was: &lt;#&gt;
	at app//org.amshove.kluent.internal.AssertionsKt.assertEquals(Assertions.kt:133)
	at app//org.amshove.kluent.internal.AssertionsKt.assertEquals(Assertions.kt:123)
	at app//org.amshove.kluent.internal.AssertionsKt.assertEquals$default(Assertions.kt:122)
	at app//org.amshove.kluent.CharSequenceKt.shouldBeEqualTo(CharSequence.kt:99)
	at app//com.igorwojda.integer.pyramidgenerator.Test.pyramid n = 4(Challenge.kt:55)
	at java.base@21.0.6/java.lang.reflect.Method.invoke(Method.java:580)
	at java.base@21.0.6/java.util.ArrayList.forEach(ArrayList.java:1596)
	at java.base@21.0.6/java.util.ArrayList.forEach(ArrayList.java:1596)
</failure>
  </testcase>
  <system-out><![CDATA[#
####
#
####
#####
#
####
#####
######
]]></system-out>
  <system-err><![CDATA[]]></system-err>
</testsuite>
