<?xml version="1.0" encoding="UTF-8"?>
<testsuite name="com.igorwojda.integer.fibonacci.basic.Test" tests="6" skipped="0" failures="0" errors="0" timestamp="2025-04-15T21:04:31.148Z" hostname="Miross-Mac-mini.local" time="0.019">
  <properties/>
  <testcase name="calculates correct fib value for 39()" classname="com.igorwojda.integer.fibonacci.basic.Test" time="0.012"/>
  <testcase name="calculates correct fib value for 0()" classname="com.igorwojda.integer.fibonacci.basic.Test" time="0.001"/>
  <testcase name="calculates correct fib value for 1()" classname="com.igorwojda.integer.fibonacci.basic.Test" time="0.001"/>
  <testcase name="calculates correct fib value for 2()" classname="com.igorwojda.integer.fibonacci.basic.Test" time="0.001"/>
  <testcase name="calculates correct fib value for 3()" classname="com.igorwojda.integer.fibonacci.basic.Test" time="0.0"/>
  <testcase name="calculates correct fib value for 4()" classname="com.igorwojda.integer.fibonacci.basic.Test" time="0.001"/>
  <system-out><![CDATA[[0, 1, 1, 2, 3, 5, 8, 13, 21, 34, 55, 89, 144, 233, 377, 610, 987, 1597, 2584, 4181, 6765, 10946, 17711, 28657, 46368, 75025, 121393, 196418, 317811, 514229, 832040, 1346269, 2178309, 3524578, 5702887, 9227465, 14930352, 24157817, 39088169, 63245986]
[0, 1, 1]
[0, 1, 1, 2]
[0, 1, 1, 2, 3]
]]></system-out>
  <system-err><![CDATA[]]></system-err>
</testsuite>
