<?xml version="1.0" encoding="UTF-8"?>
<testsuite name="com.igorwojda.list.medianoftwosorted.Test" tests="7" skipped="0" failures="0" errors="0" timestamp="2025-04-25T01:10:45.551Z" hostname="Miross-Mac-mini.local" time="0.025">
  <properties/>
  <testcase name="median of sorted lists 1, 3 and 2 returns 2,0()" classname="com.igorwojda.list.medianoftwosorted.Test" time="0.018"/>
  <testcase name="median of sorted lists 2 and 1, 3 returns 2,0()" classname="com.igorwojda.list.medianoftwosorted.Test" time="0.001"/>
  <testcase name="median of sorted lists 1,2,3 and 1, 6, 7 returns 4,0()" classname="com.igorwojda.list.medianoftwosorted.Test" time="0.001"/>
  <testcase name="median of sorted lists 2 and 1, 6, 7 returns 4,0()" classname="com.igorwojda.list.medianoftwosorted.Test" time="0.001"/>
  <testcase name="median of sorted lists 1, 2 and 3,4 returns 2,5()" classname="com.igorwojda.list.medianoftwosorted.Test" time="0.0"/>
  <testcase name="median of sorted lists 2,7,9 and 1, 6,7,8 returns 6,5()" classname="com.igorwojda.list.medianoftwosorted.Test" time="0.0"/>
  <testcase name="median of sorted lists 1, 5, 7 and 2 returns 3,5()" classname="com.igorwojda.list.medianoftwosorted.Test" time="0.001"/>
  <system-out><![CDATA[Esta es la media de una lista impar 2.0
Esta es la media de una lista impar 2.0
Esta es la media de una lista impar 7.0
]]></system-out>
  <system-err><![CDATA[]]></system-err>
</testsuite>
